/home/ysari/.local/lib/python3.8/site-packages/ema_workbench/em_framework/evaluators.py:21: UserWarning: ipyparallel not installed - IpyparalleEvaluator not available
  warnings.warn(
[MainProcess/INFO] pool started
[MainProcess/INFO] generation 0: 0/50000 nfe
/home/ysari/.local/lib/python3.8/site-packages/ema_workbench/em_framework/callbacks.py:192: PerformanceWarning: DataFrame is highly fragmented.  This is usually the result of calling `frame.insert` many times, which has poor performance.  Consider joining all columns at once using pd.concat(axis=1) instead.  To get a de-fragmented frame, use `newframe = frame.copy()`
  df[name] = pd.Series(dtype=dtype)
[MainProcess/INFO] generation 5: 500/50000 nfe
[MainProcess/INFO] generation 10: 1000/50000 nfe
[MainProcess/INFO] generation 15: 1500/50000 nfe
[MainProcess/INFO] generation 20: 2000/50000 nfe
[MainProcess/INFO] generation 25: 2500/50000 nfe
[MainProcess/INFO] generation 30: 3000/50000 nfe
[MainProcess/INFO] generation 35: 3500/50000 nfe
[MainProcess/INFO] generation 40: 4000/50000 nfe
[MainProcess/INFO] generation 45: 4500/50000 nfe
[MainProcess/INFO] generation 50: 5000/50000 nfe
[MainProcess/INFO] generation 55: 5500/50000 nfe
[MainProcess/INFO] generation 60: 6000/50000 nfe
[MainProcess/INFO] generation 65: 6500/50000 nfe
[MainProcess/INFO] generation 70: 7000/50000 nfe
[MainProcess/INFO] generation 75: 7500/50000 nfe
[MainProcess/INFO] generation 80: 8000/50000 nfe
[MainProcess/INFO] generation 85: 8500/50000 nfe
[MainProcess/INFO] generation 90: 9000/50000 nfe
[MainProcess/INFO] generation 95: 9500/50000 nfe
[MainProcess/INFO] generation 100: 10000/50000 nfe
[MainProcess/INFO] generation 105: 10190/50000 nfe
[MainProcess/INFO] generation 110: 10390/50000 nfe
[MainProcess/INFO] generation 115: 10590/50000 nfe
[MainProcess/INFO] generation 120: 10790/50000 nfe
[MainProcess/INFO] generation 125: 10990/50000 nfe
[MainProcess/INFO] generation 130: 11190/50000 nfe
[MainProcess/INFO] generation 135: 11390/50000 nfe
[MainProcess/INFO] generation 140: 11590/50000 nfe
[MainProcess/INFO] generation 145: 11790/50000 nfe
[MainProcess/INFO] generation 150: 11990/50000 nfe
[MainProcess/INFO] generation 155: 12190/50000 nfe
[MainProcess/INFO] generation 160: 12390/50000 nfe
[MainProcess/INFO] generation 165: 12590/50000 nfe
[MainProcess/INFO] generation 170: 12790/50000 nfe
[MainProcess/INFO] generation 175: 12990/50000 nfe
[MainProcess/INFO] generation 180: 13190/50000 nfe
[MainProcess/INFO] generation 185: 13390/50000 nfe
[MainProcess/INFO] generation 190: 13590/50000 nfe
[MainProcess/INFO] generation 195: 13790/50000 nfe
[MainProcess/INFO] generation 200: 13990/50000 nfe
[MainProcess/INFO] generation 205: 14292/50000 nfe
[MainProcess/INFO] generation 210: 14642/50000 nfe
[MainProcess/INFO] generation 215: 14992/50000 nfe
[MainProcess/INFO] generation 220: 15342/50000 nfe
[MainProcess/INFO] generation 225: 15692/50000 nfe
[MainProcess/INFO] generation 230: 16042/50000 nfe
[MainProcess/INFO] generation 235: 16392/50000 nfe
[MainProcess/INFO] generation 240: 16742/50000 nfe
[MainProcess/INFO] generation 245: 17092/50000 nfe
[MainProcess/INFO] generation 250: 17442/50000 nfe
[MainProcess/INFO] generation 255: 17792/50000 nfe
[MainProcess/INFO] generation 260: 18142/50000 nfe
[MainProcess/INFO] generation 265: 18492/50000 nfe
[MainProcess/INFO] generation 270: 18842/50000 nfe
[MainProcess/INFO] generation 275: 19192/50000 nfe
[MainProcess/INFO] generation 280: 19542/50000 nfe
[MainProcess/INFO] generation 285: 19892/50000 nfe
[MainProcess/INFO] generation 290: 20242/50000 nfe
[MainProcess/INFO] generation 295: 20592/50000 nfe
[MainProcess/INFO] generation 300: 20942/50000 nfe
[MainProcess/INFO] generation 305: 21582/50000 nfe
[MainProcess/INFO] generation 310: 22492/50000 nfe
[MainProcess/INFO] generation 315: 23402/50000 nfe
[MainProcess/INFO] generation 320: 24312/50000 nfe
[MainProcess/INFO] generation 325: 25222/50000 nfe
[MainProcess/INFO] generation 330: 26132/50000 nfe
[MainProcess/INFO] generation 335: 27042/50000 nfe
[MainProcess/INFO] generation 340: 27952/50000 nfe
[MainProcess/INFO] generation 345: 28862/50000 nfe
[MainProcess/INFO] generation 350: 29772/50000 nfe
[MainProcess/INFO] generation 355: 30682/50000 nfe
[MainProcess/INFO] generation 360: 31592/50000 nfe
[MainProcess/INFO] generation 365: 32502/50000 nfe
[MainProcess/INFO] generation 370: 33412/50000 nfe
[MainProcess/INFO] generation 375: 34322/50000 nfe
[MainProcess/INFO] generation 380: 35232/50000 nfe
[MainProcess/INFO] generation 385: 36142/50000 nfe
[MainProcess/INFO] generation 390: 37052/50000 nfe
[MainProcess/INFO] generation 395: 37962/50000 nfe
[MainProcess/INFO] generation 400: 38872/50000 nfe
[MainProcess/INFO] generation 405: 40342/50000 nfe
[MainProcess/INFO] generation 410: 42982/50000 nfe
[MainProcess/INFO] generation 415: 45622/50000 nfe
[MainProcess/INFO] generation 420: 48262/50000 nfe
[MainProcess/INFO] optimization completed, found 224 solutions
[MainProcess/INFO] terminating pool
